<?xml version="1.0" encoding="UTF-8"?>
<testrun name="MyTutorTests" project="MyTutorTests" tests="8" started="8" failures="7" errors="0" ignored="0">
  <testsuite name="Test [emulator-5554]" time="8.974">
    <testsuite name="com.mytutor.test.LocalSessionTests" time="0.72">
      <testcase name="testChange_password " classname="com.mytutor.test.LocalSessionTests" time="0.071">
        <failure>junit.framework.AssertionFailedError: Not yet implemented&#13;
at com.mytutor.test.LocalSessionTests.testChange_password(LocalSessionTests.java:39)&#13;
at java.lang.reflect.Method.invokeNative(Native Method)&#13;
at android.test.AndroidTestRunner.runTest(AndroidTestRunner.java:191)&#13;
at android.test.AndroidTestRunner.runTest(AndroidTestRunner.java:176)&#13;
at android.test.InstrumentationTestRunner.onStart(InstrumentationTestRunner.java:554)&#13;
at android.app.Instrumentation$InstrumentationThread.run(Instrumentation.java:1701)&#13;

</failure>
      </testcase>
      <testcase name="testLocalSession " classname="com.mytutor.test.LocalSessionTests" time="0.131">
        <failure>junit.framework.AssertionFailedError: Not yet implemented&#13;
at com.mytutor.test.LocalSessionTests.testLocalSession(LocalSessionTests.java:20)&#13;
at java.lang.reflect.Method.invokeNative(Native Method)&#13;
at android.test.AndroidTestRunner.runTest(AndroidTestRunner.java:191)&#13;
at android.test.AndroidTestRunner.runTest(AndroidTestRunner.java:176)&#13;
at android.test.InstrumentationTestRunner.onStart(InstrumentationTestRunner.java:554)&#13;
at android.app.Instrumentation$InstrumentationThread.run(Instrumentation.java:1701)&#13;

</failure>
      </testcase>
      <testcase name="testLogin " classname="com.mytutor.test.LocalSessionTests" time="0.051">
        <failure>junit.framework.AssertionFailedError: Not yet implemented&#13;
at com.mytutor.test.LocalSessionTests.testLogin(LocalSessionTests.java:35)&#13;
at java.lang.reflect.Method.invokeNative(Native Method)&#13;
at android.test.AndroidTestRunner.runTest(AndroidTestRunner.java:191)&#13;
at android.test.AndroidTestRunner.runTest(AndroidTestRunner.java:176)&#13;
at android.test.InstrumentationTestRunner.onStart(InstrumentationTestRunner.java:554)&#13;
at android.app.Instrumentation$InstrumentationThread.run(Instrumentation.java:1701)&#13;

</failure>
      </testcase>
      <testcase name="testSearch " classname="com.mytutor.test.LocalSessionTests" time="0.13">
        <failure>junit.framework.AssertionFailedError: Not yet implemented&#13;
at com.mytutor.test.LocalSessionTests.testSearch(LocalSessionTests.java:43)&#13;
at java.lang.reflect.Method.invokeNative(Native Method)&#13;
at android.test.AndroidTestRunner.runTest(AndroidTestRunner.java:191)&#13;
at android.test.AndroidTestRunner.runTest(AndroidTestRunner.java:176)&#13;
at android.test.InstrumentationTestRunner.onStart(InstrumentationTestRunner.java:554)&#13;
at android.app.Instrumentation$InstrumentationThread.run(Instrumentation.java:1701)&#13;

</failure>
      </testcase>
      <testcase name="testValidate_password " classname="com.mytutor.test.LocalSessionTests" time="0.051">
        <failure>junit.framework.AssertionFailedError: Not yet implemented&#13;
at com.mytutor.test.LocalSessionTests.testValidate_password(LocalSessionTests.java:31)&#13;
at java.lang.reflect.Method.invokeNative(Native Method)&#13;
at android.test.AndroidTestRunner.runTest(AndroidTestRunner.java:191)&#13;
at android.test.AndroidTestRunner.runTest(AndroidTestRunner.java:176)&#13;
at android.test.InstrumentationTestRunner.onStart(InstrumentationTestRunner.java:554)&#13;
at android.app.Instrumentation$InstrumentationThread.run(Instrumentation.java:1701)&#13;

</failure>
      </testcase>
      <testcase name="testValidate_username " classname="com.mytutor.test.LocalSessionTests" time="0.13">
        <failure>junit.framework.AssertionFailedError&#13;
at com.mytutor.test.LocalSessionTests.testValidate_username(LocalSessionTests.java:24)&#13;
at java.lang.reflect.Method.invokeNative(Native Method)&#13;
at android.test.AndroidTestRunner.runTest(AndroidTestRunner.java:191)&#13;
at android.test.AndroidTestRunner.runTest(AndroidTestRunner.java:176)&#13;
at android.test.InstrumentationTestRunner.onStart(InstrumentationTestRunner.java:554)&#13;
at android.app.Instrumentation$InstrumentationThread.run(Instrumentation.java:1701)&#13;

</failure>
      </testcase>
    </testsuite>
    <testsuite name="com.mytutor.test.PasswordTests" time="8.202">
      <testcase name="testAuthenticate " classname="com.mytutor.test.PasswordTests" time="0.182">
        <failure>junit.framework.AssertionFailedError: Not yet implemented&#13;
at com.mytutor.test.PasswordTests.testAuthenticate(PasswordTests.java:27)&#13;
at java.lang.reflect.Method.invokeNative(Native Method)&#13;
at android.test.AndroidTestRunner.runTest(AndroidTestRunner.java:191)&#13;
at android.test.AndroidTestRunner.runTest(AndroidTestRunner.java:176)&#13;
at android.test.InstrumentationTestRunner.onStart(InstrumentationTestRunner.java:554)&#13;
at android.app.Instrumentation$InstrumentationThread.run(Instrumentation.java:1701)&#13;

</failure>
      </testcase>
      <testcase name="testHash " classname="com.mytutor.test.PasswordTests" time="7.967"/>
    </testsuite>
  </testsuite>
</testrun>
